2021-04-06 23:52:33 [main] INFO  com.epam.alex.task2.plantHandler.PlantHandler - LeavesColor
2021-04-06 23:52:33 [main] INFO  com.epam.alex.task2.plantHandler.PlantHandler - AverageSizeOfPlant
2021-04-06 23:52:33 [main] INFO  com.epam.alex.task2.plantHandler.PlantHandler - PlantingTime
2021-04-06 23:52:33 [main] INFO  com.epam.alex.task2.plantHandler.PlantHandler - VisualParameters
2021-04-06 23:52:33 [main] INFO  com.epam.alex.task2.plantHandler.PlantHandler - Temperature
2021-04-06 23:52:33 [main] INFO  com.epam.alex.task2.plantHandler.PlantHandler - Lightning
2021-04-06 23:52:33 [main] INFO  com.epam.alex.task2.plantHandler.PlantHandler - Watering
2021-04-06 23:52:33 [main] INFO  com.epam.alex.task2.plantHandler.PlantHandler - GrowingTips
2021-04-06 23:52:33 [main] INFO  com.epam.alex.task2.plantHandler.PlantHandler - Multiplying
2021-04-06 23:52:33 [main] INFO  com.epam.alex.task2.plantHandler.PlantHandler - Plant
2021-04-06 23:52:33 [main] INFO  com.epam.alex.task2.plantHandler.PlantHandler - Name
2021-04-06 23:52:33 [main] INFO  com.epam.alex.task2.plantHandler.PlantHandler - Soil
2021-04-06 23:52:33 [main] INFO  com.epam.alex.task2.plantHandler.PlantHandler - StemColor
2021-04-06 23:52:33 [main] INFO  com.epam.alex.task2.plantHandler.PlantHandler - LeavesColor
2021-04-06 23:52:33 [main] INFO  com.epam.alex.task2.plantHandler.PlantHandler - AverageSizeOfPlant
2021-04-06 23:52:33 [main] INFO  com.epam.alex.task2.plantHandler.PlantHandler - PlantingTime
2021-04-06 23:52:33 [main] INFO  com.epam.alex.task2.plantHandler.PlantHandler - VisualParameters
2021-04-06 23:52:33 [main] INFO  com.epam.alex.task2.plantHandler.PlantHandler - Temperature
2021-04-06 23:52:33 [main] INFO  com.epam.alex.task2.plantHandler.PlantHandler - Lightning
2021-04-06 23:52:33 [main] INFO  com.epam.alex.task2.plantHandler.PlantHandler - Watering
2021-04-06 23:52:33 [main] INFO  com.epam.alex.task2.plantHandler.PlantHandler - GrowingTips
2021-04-06 23:52:33 [main] INFO  com.epam.alex.task2.plantHandler.PlantHandler - Multiplying
2021-04-06 23:52:33 [main] INFO  com.epam.alex.task2.plantHandler.PlantHandler - Plant
2021-04-06 23:52:33 [main] INFO  com.epam.alex.task2.plantHandler.PlantHandler - Name
2021-04-06 23:52:33 [main] INFO  com.epam.alex.task2.plantHandler.PlantHandler - Soil
2021-04-06 23:52:33 [main] INFO  com.epam.alex.task2.plantHandler.PlantHandler - StemColor
2021-04-06 23:52:33 [main] INFO  com.epam.alex.task2.plantHandler.PlantHandler - LeavesColor
2021-04-06 23:52:33 [main] INFO  com.epam.alex.task2.plantHandler.PlantHandler - AverageSizeOfPlant
2021-04-06 23:52:33 [main] INFO  com.epam.alex.task2.plantHandler.PlantHandler - PlantingTime
2021-04-06 23:52:33 [main] INFO  com.epam.alex.task2.plantHandler.PlantHandler - VisualParameters
2021-04-06 23:52:33 [main] INFO  com.epam.alex.task2.plantHandler.PlantHandler - Temperature
2021-04-06 23:52:33 [main] INFO  com.epam.alex.task2.plantHandler.PlantHandler - Lightning
2021-04-06 23:52:33 [main] INFO  com.epam.alex.task2.plantHandler.PlantHandler - Watering
2021-04-06 23:52:33 [main] INFO  com.epam.alex.task2.plantHandler.PlantHandler - GrowingTips
2021-04-06 23:52:33 [main] INFO  com.epam.alex.task2.plantHandler.PlantHandler - Multiplying
2021-04-06 23:52:33 [main] INFO  com.epam.alex.task2.plantHandler.PlantHandler - Plant
2021-04-06 23:52:33 [main] INFO  com.epam.alex.task2.plantHandler.PlantHandler - Name
2021-04-06 23:52:33 [main] INFO  com.epam.alex.task2.plantHandler.PlantHandler - Soil
2021-04-06 23:52:33 [main] INFO  com.epam.alex.task2.plantHandler.PlantHandler - StemColor
2021-04-06 23:52:33 [main] INFO  com.epam.alex.task2.plantHandler.PlantHandler - LeavesColor
2021-04-06 23:52:33 [main] INFO  com.epam.alex.task2.plantHandler.PlantHandler - AverageSizeOfPlant
2021-04-06 23:52:33 [main] INFO  com.epam.alex.task2.plantHandler.PlantHandler - PlantingTime
2021-04-06 23:52:33 [main] INFO  com.epam.alex.task2.plantHandler.PlantHandler - VisualParameters
2021-04-06 23:52:33 [main] INFO  com.epam.alex.task2.plantHandler.PlantHandler - Temperature
2021-04-06 23:52:33 [main] INFO  com.epam.alex.task2.plantHandler.PlantHandler - Lightning
2021-04-06 23:52:33 [main] INFO  com.epam.alex.task2.plantHandler.PlantHandler - Watering
2021-04-06 23:52:33 [main] INFO  com.epam.alex.task2.plantHandler.PlantHandler - GrowingTips
2021-04-06 23:52:33 [main] INFO  com.epam.alex.task2.plantHandler.PlantHandler - Multiplying
2021-04-06 23:52:33 [main] INFO  com.epam.alex.task2.plantHandler.PlantHandler - Plant
2021-04-06 23:52:33 [main] INFO  com.epam.alex.task2.plantHandler.PlantHandler - Flower
